<?xml version="1.0" encoding="UTF-8"?>
<!-- Generated by org.testng.reporters.JUnitXMLReporter -->
<testsuite hostname="GCTHW5H2E" ignored="10" name="Default test" tests="1" failures="1" timestamp="06 Feb 2018 10:44:44 GMT" time="144.736" errors="0">
  <testcase name="dcEventSubjectRule" time="47.065" classname="org.ge.dctests.DC_PRTTest">
    <failure type="java.lang.NullPointerException">
      <![CDATA[java.lang.NullPointerExceptionat com.kirwa.nxgreport.NXGReports.takeBrowserPageScreenShot(NXGReports.java:228)at com.kirwa.nxgreport.NXGReports.addStep(NXGReports.java:78)at org.ge.dctests.DC_PRTTest.dcEventSubjectRule(DC_PRTTest.java:417)at sun.reflect.NativeMethodAccessorImpl.invoke0(Native Method)at sun.reflect.NativeMethodAccessorImpl.invoke(NativeMethodAccessorImpl.java:62)at sun.reflect.DelegatingMethodAccessorImpl.invoke(DelegatingMethodAccessorImpl.java:43)at java.lang.reflect.Method.invoke(Method.java:498)at org.testng.internal.MethodInvocationHelper.invokeMethod(MethodInvocationHelper.java:124)at org.testng.internal.Invoker.invokeMethod(Invoker.java:571)at org.testng.internal.Invoker.invokeTestMethod(Invoker.java:707)at org.testng.internal.Invoker.invokeTestMethods(Invoker.java:979)at org.testng.internal.TestMethodWorker.invokeTestMethods(TestMethodWorker.java:125)at org.testng.internal.TestMethodWorker.run(TestMethodWorker.java:109)at org.testng.TestRunner.privateRun(TestRunner.java:648)at org.testng.TestRunner.run(TestRunner.java:505)at org.testng.SuiteRunner.runTest(SuiteRunner.java:455)at org.testng.SuiteRunner.runSequentially(SuiteRunner.java:450)at org.testng.SuiteRunner.privateRun(SuiteRunner.java:415)at org.testng.SuiteRunner.run(SuiteRunner.java:364)at org.testng.SuiteRunnerWorker.runSuite(SuiteRunnerWorker.java:52)at org.testng.SuiteRunnerWorker.run(SuiteRunnerWorker.java:84)at org.testng.TestNG.runSuitesSequentially(TestNG.java:1187)at org.testng.TestNG.runSuitesLocally(TestNG.java:1116)at org.testng.TestNG.runSuites(TestNG.java:1028)at org.testng.TestNG.run(TestNG.java:996)at org.testng.remote.AbstractRemoteTestNG.run(AbstractRemoteTestNG.java:114)at org.testng.remote.RemoteTestNG.initAndRun(RemoteTestNG.java:251)at org.testng.remote.RemoteTestNG.main(RemoteTestNG.java:77)]]>
    </failure>
  </testcase> <!-- dcEventSubjectRule -->
  <testcase name="createEvent" time="0.0" classname="org.ge.dctests.DC_PRTTest">
    <ignored/>
  </testcase> <!-- createEvent -->
  <testcase name="createTerritoryAddCoverage" time="0.0" classname="org.ge.dctests.DC_PRTTest">
    <ignored/>
  </testcase> <!-- createTerritoryAddCoverage -->
  <testcase name="createTeam" time="0.0" classname="org.ge.dctests.DC_PRTTest">
    <ignored/>
  </testcase> <!-- createTeam -->
  <testcase name="createChildTerritory" time="0.0" classname="org.ge.dctests.DC_PRTTest">
    <ignored/>
  </testcase> <!-- createChildTerritory -->
  <testcase name="addDispatcherforTerritory" time="0.0" classname="org.ge.dctests.DC_PRTTest">
    <ignored/>
  </testcase> <!-- addDispatcherforTerritory -->
  <testcase name="createTech" time="0.0" classname="org.ge.dctests.DC_PRTTest">
    <ignored/>
  </testcase> <!-- createTech -->
  <testcase name="createTerritory" time="0.0" classname="org.ge.dctests.DC_PRTTest">
    <ignored/>
  </testcase> <!-- createTerritory -->
  <testcase name="addDispatcherforTeam" time="0.0" classname="org.ge.dctests.DC_PRTTest">
    <ignored/>
  </testcase> <!-- addDispatcherforTeam -->
  <testcase name="locateTechMapRoute" time="0.0" classname="org.ge.dctests.DC_PRTTest">
    <ignored/>
  </testcase> <!-- locateTechMapRoute -->
  <testcase name="createTerritoryCoverage" time="0.0" classname="org.ge.dctests.DC_PRTTest">
    <ignored/>
  </testcase> <!-- createTerritoryCoverage -->
</testsuite> <!-- Default test -->
