<?xml version="1.0" encoding="UTF-8"?>
<!-- Generated by org.testng.reporters.JUnitXMLReporter -->
<testsuite hostname="GCTHW5H2E" ignored="13" name="Test" tests="1" failures="0" timestamp="19 Apr 2018 09:46:14 GMT" time="531.061" errors="0">
  <testcase name="dcDispatchVIewRule" time="455.763" classname="org.ge.dctests.DC_PRTTest"/>
  <testcase name="dcDispatchHoverRule" time="0.0" classname="org.ge.dctests.DC_PRTTest">
    <ignored/>
  </testcase> <!-- dcDispatchHoverRule -->
  <testcase name="dcImmediateDispatchProcess" time="0.0" classname="org.ge.dctests.DC_PRTTest">
    <ignored/>
  </testcase> <!-- dcImmediateDispatchProcess -->
  <testcase name="dcEventSubjectRule" time="0.0" classname="org.ge.dctests.DC_PRTTest">
    <ignored/>
  </testcase> <!-- dcEventSubjectRule -->
  <testcase name="createChildTerritory" time="0.0" classname="org.ge.dctests.DC_PRTTest">
    <ignored/>
  </testcase> <!-- createChildTerritory -->
  <testcase name="addDispatcherforTerritory" time="0.0" classname="org.ge.dctests.DC_PRTTest">
    <ignored/>
  </testcase> <!-- addDispatcherforTerritory -->
  <testcase name="createTech" time="0.0" classname="org.ge.dctests.DC_PRTTest">
    <ignored/>
  </testcase> <!-- createTech -->
  <testcase name="createTerritory" time="0.0" classname="org.ge.dctests.DC_PRTTest">
    <ignored/>
  </testcase> <!-- createTerritory -->
  <testcase name="createTerritoryCoverage" time="0.0" classname="org.ge.dctests.DC_PRTTest">
    <ignored/>
  </testcase> <!-- createTerritoryCoverage -->
  <testcase name="dcEventFieldUpdatesRule" time="0.0" classname="org.ge.dctests.DC_PRTTest">
    <ignored/>
  </testcase> <!-- dcEventFieldUpdatesRule -->
  <testcase name="createTerritoryAddCoverage" time="0.0" classname="org.ge.dctests.DC_PRTTest">
    <ignored/>
  </testcase> <!-- createTerritoryAddCoverage -->
  <testcase name="createTeam" time="0.0" classname="org.ge.dctests.DC_PRTTest">
    <ignored/>
  </testcase> <!-- createTeam -->
  <testcase name="dcEventHoverRule" time="0.0" classname="org.ge.dctests.DC_PRTTest">
    <ignored/>
  </testcase> <!-- dcEventHoverRule -->
  <testcase name="addDispatcherforTeam" time="0.0" classname="org.ge.dctests.DC_PRTTest">
    <ignored/>
  </testcase> <!-- addDispatcherforTeam -->
</testsuite> <!-- Test -->
