<?xml version="1.0" encoding="UTF-8"?>
<testng-results skipped="0" failed="0" ignored="13" total="14" passed="1">
  <reporter-output>
    <line>
      <![CDATA[STEP1]]>
    </line>
    <line>
      <![CDATA[STEP2]]>
    </line>
    <line>
      <![CDATA[STEP3]]>
    </line>
    <line>
      <![CDATA[STEP4]]>
    </line>
    <line>
      <![CDATA[STEP5]]>
    </line>
    <line>
      <![CDATA[STEP6]]>
    </line>
    <line>
      <![CDATA[STEP7]]>
    </line>
    <line>
      <![CDATA[STEP8]]>
    </line>
    <line>
      <![CDATA[STEP9]]>
    </line>
    <line>
      <![CDATA[STEP10]]>
    </line>
    <line>
      <![CDATA[STEP11]]>
    </line>
    <line>
      <![CDATA[STEP12]]>
    </line>
    <line>
      <![CDATA[STEP13]]>
    </line>
    <line>
      <![CDATA[STEP14]]>
    </line>
    <line>
      <![CDATA[STEP15]]>
    </line>
    <line>
      <![CDATA[STEP16]]>
    </line>
    <line>
      <![CDATA[STEP17]]>
    </line>
    <line>
      <![CDATA[STEP18]]>
    </line>
    <line>
      <![CDATA[STEP19]]>
    </line>
  </reporter-output>
  <suite name="Suite" duration-ms="531061" started-at="2018-04-19T09:37:23Z" finished-at="2018-04-19T09:46:14Z">
    <groups>
    </groups>
    <test name="Test" duration-ms="531061" started-at="2018-04-19T09:37:23Z" finished-at="2018-04-19T09:46:14Z">
      <class name="org.ge.dctests.DC_PRTTest">
        <test-method status="PASS" signature="browserLaunch()[pri:0, instance:org.ge.dctests.DC_PRTTest@27c20538]" name="browserLaunch" is-config="true" duration-ms="18420" started-at="2018-04-19T15:07:23Z" finished-at="2018-04-19T15:07:42Z">
          <reporter-output>
          </reporter-output>
        </test-method> <!-- browserLaunch -->
        <test-method status="PASS" signature="login()[pri:0, instance:org.ge.dctests.DC_PRTTest@27c20538]" name="login" is-config="true" duration-ms="30186" started-at="2018-04-19T15:07:42Z" finished-at="2018-04-19T15:08:12Z">
          <reporter-output>
          </reporter-output>
        </test-method> <!-- login -->
        <test-method status="PASS" signature="dcDispatchVIewRule()[pri:13, instance:org.ge.dctests.DC_PRTTest@27c20538]" name="dcDispatchVIewRule" duration-ms="455763" started-at="2018-04-19T15:08:12Z" description="RS_3733: Verify Dispatch Console views" finished-at="2018-04-19T15:15:48Z">
          <reporter-output>
            <line>
              <![CDATA[STEP1]]>
            </line>
            <line>
              <![CDATA[STEP2]]>
            </line>
            <line>
              <![CDATA[STEP3]]>
            </line>
            <line>
              <![CDATA[STEP4]]>
            </line>
            <line>
              <![CDATA[STEP5]]>
            </line>
            <line>
              <![CDATA[STEP6]]>
            </line>
            <line>
              <![CDATA[STEP7]]>
            </line>
            <line>
              <![CDATA[STEP8]]>
            </line>
            <line>
              <![CDATA[STEP9]]>
            </line>
            <line>
              <![CDATA[STEP10]]>
            </line>
            <line>
              <![CDATA[STEP11]]>
            </line>
            <line>
              <![CDATA[STEP12]]>
            </line>
            <line>
              <![CDATA[STEP13]]>
            </line>
            <line>
              <![CDATA[STEP14]]>
            </line>
            <line>
              <![CDATA[STEP15]]>
            </line>
            <line>
              <![CDATA[STEP16]]>
            </line>
            <line>
              <![CDATA[STEP17]]>
            </line>
            <line>
              <![CDATA[STEP18]]>
            </line>
            <line>
              <![CDATA[STEP19]]>
            </line>
          </reporter-output>
        </test-method> <!-- dcDispatchVIewRule -->
        <test-method status="PASS" signature="baseStateHome()[pri:0, instance:org.ge.dctests.DC_PRTTest@27c20538]" name="baseStateHome" is-config="true" duration-ms="26656" started-at="2018-04-19T15:15:48Z" finished-at="2018-04-19T15:16:14Z">
          <reporter-output>
          </reporter-output>
        </test-method> <!-- baseStateHome -->
        <test-method status="PASS" signature="logout()[pri:0, instance:org.ge.dctests.DC_PRTTest@27c20538]" name="logout" is-config="true" duration-ms="0" started-at="2018-04-19T15:16:14Z" finished-at="2018-04-19T15:16:14Z">
          <reporter-output>
          </reporter-output>
        </test-method> <!-- logout -->
      </class> <!-- org.ge.dctests.DC_PRTTest -->
    </test> <!-- Test -->
  </suite> <!-- Suite -->
</testng-results>
